0 info it worked if it ends with ok
1 verbose cli [ '/Users/hzou/.nvm/versions/node/v6.6.0/bin/node',
1 verbose cli   '/Users/hzou/.nvm/versions/node/v6.6.0/bin/npm',
1 verbose cli   'run',
1 verbose cli   'precommit' ]
2 info using npm@3.10.3
3 info using node@v6.6.0
4 verbose run-script [ 'precommit' ]
5 info lifecycle angular-http-backup@0.2.3~precommit: angular-http-backup@0.2.3
6 verbose lifecycle angular-http-backup@0.2.3~precommit: unsafe-perm in lifecycle true
7 verbose lifecycle angular-http-backup@0.2.3~precommit: PATH: /Users/hzou/.nvm/versions/node/v6.6.0/lib/node_modules/npm/bin/node-gyp-bin:/Users/hzou/git/angular-http-backup/node_modules/.bin:/Users/hzou/.nvm/versions/node/v6.6.0/bin:/Users/hzou/.nvm/versions/node/v6.6.0/bin:/Applications/Xcode.app/Contents/Developer/usr/libexec/git-core:/usr/local/heroku/bin:/usr/local/bin:/usr/bin:/bin:/usr/sbin:/sbin:/usr/local/git/bin:/Development/android-sdk/platform-tools:/Users/hzou/Library/Android/sdk/platform-tools:/Users/hzou/Library/Android/sdk/tools:/usr/local/bin:/usr/local
8 verbose lifecycle angular-http-backup@0.2.3~precommit: CWD: /Users/hzou/git/angular-http-backup
9 silly lifecycle angular-http-backup@0.2.3~precommit: Args: [ '-c', 'npm start; git add dist;' ]
10 silly lifecycle angular-http-backup@0.2.3~precommit: Returned: code: 1  signal: null
11 info lifecycle angular-http-backup@0.2.3~precommit: Failed to exec precommit script
12 verbose stack Error: angular-http-backup@0.2.3 precommit: `npm start; git add dist;`
12 verbose stack Exit status 1
12 verbose stack     at EventEmitter.<anonymous> (/Users/hzou/.nvm/versions/node/v6.6.0/lib/node_modules/npm/lib/utils/lifecycle.js:242:16)
12 verbose stack     at emitTwo (events.js:106:13)
12 verbose stack     at EventEmitter.emit (events.js:191:7)
12 verbose stack     at ChildProcess.<anonymous> (/Users/hzou/.nvm/versions/node/v6.6.0/lib/node_modules/npm/lib/utils/spawn.js:40:14)
12 verbose stack     at emitTwo (events.js:106:13)
12 verbose stack     at ChildProcess.emit (events.js:191:7)
12 verbose stack     at maybeClose (internal/child_process.js:877:16)
12 verbose stack     at Process.ChildProcess._handle.onexit (internal/child_process.js:226:5)
13 verbose pkgid angular-http-backup@0.2.3
14 verbose cwd /Users/hzou/git/angular-http-backup
15 error Darwin 15.6.0
16 error argv "/Users/hzou/.nvm/versions/node/v6.6.0/bin/node" "/Users/hzou/.nvm/versions/node/v6.6.0/bin/npm" "run" "precommit"
17 error node v6.6.0
18 error npm  v3.10.3
19 error code ELIFECYCLE
20 error angular-http-backup@0.2.3 precommit: `npm start; git add dist;`
20 error Exit status 1
21 error Failed at the angular-http-backup@0.2.3 precommit script 'npm start; git add dist;'.
21 error Make sure you have the latest version of node.js and npm installed.
21 error If you do, this is most likely a problem with the angular-http-backup package,
21 error not with npm itself.
21 error Tell the author that this fails on your system:
21 error     npm start; git add dist;
21 error You can get information on how to open an issue for this project with:
21 error     npm bugs angular-http-backup
21 error Or if that isn't available, you can get their info via:
21 error     npm owner ls angular-http-backup
21 error There is likely additional logging output above.
22 verbose exit [ 1, true ]
